<?xml version="1.0" encoding="UTF-8"?>
<testng-results skipped="0" failed="1" ignored="0" total="7" passed="6">
  <reporter-output>
  </reporter-output>
  <suite name="Default suite" duration-ms="110075" started-at="2018-04-04T22:03:55Z" finished-at="2018-04-04T22:05:45Z">
    <groups>
    </groups>
    <test name="Default test" duration-ms="110075" started-at="2018-04-04T22:03:55Z" finished-at="2018-04-04T22:05:45Z">
      <class name="by.epam.tstbooking.bookingtest.tstBookingCom">
        <test-method status="PASS" signature="setUp()[pri:0, instance:by.epam.tstbooking.bookingtest.tstBookingCom@ae45eb6]" name="setUp" is-config="true" duration-ms="11735" started-at="2018-04-04T22:03:55Z" finished-at="2018-04-04T22:04:06Z">
          <reporter-output>
          </reporter-output>
        </test-method> <!-- setUp -->
        <test-method status="PASS" signature="DestnationSetTest()[pri:1, instance:by.epam.tstbooking.bookingtest.tstBookingCom@ae45eb6]" name="DestnationSetTest" duration-ms="2814" started-at="2018-04-04T22:04:06Z" finished-at="2018-04-04T22:04:09Z">
          <reporter-output>
          </reporter-output>
        </test-method> <!-- DestnationSetTest -->
        <test-method status="PASS" signature="emptyAndWrongDestinationTest()[pri:2, instance:by.epam.tstbooking.bookingtest.tstBookingCom@ae45eb6]" name="emptyAndWrongDestinationTest" duration-ms="20898" started-at="2018-04-04T22:04:09Z" finished-at="2018-04-04T22:04:30Z">
          <reporter-output>
          </reporter-output>
        </test-method> <!-- emptyAndWrongDestinationTest -->
        <test-method status="PASS" signature="resultStringTest()[pri:3, instance:by.epam.tstbooking.bookingtest.tstBookingCom@ae45eb6]" name="resultStringTest" duration-ms="6395" started-at="2018-04-04T22:04:30Z" finished-at="2018-04-04T22:04:36Z">
          <reporter-output>
          </reporter-output>
        </test-method> <!-- resultStringTest -->
        <test-method status="PASS" signature="childrenOptionListTest()[pri:4, instance:by.epam.tstbooking.bookingtest.tstBookingCom@ae45eb6]" name="childrenOptionListTest" duration-ms="22217" started-at="2018-04-04T22:04:36Z" finished-at="2018-04-04T22:04:59Z">
          <reporter-output>
          </reporter-output>
        </test-method> <!-- childrenOptionListTest -->
        <test-method status="PASS" signature="DatesTest()[pri:5, instance:by.epam.tstbooking.bookingtest.tstBookingCom@ae45eb6]" name="DatesTest" duration-ms="18347" started-at="2018-04-04T22:04:59Z" finished-at="2018-04-04T22:05:17Z">
          <reporter-output>
          </reporter-output>
        </test-method> <!-- DatesTest -->
        <test-method status="PASS" signature="inputDataSubmitTest()[pri:6, instance:by.epam.tstbooking.bookingtest.tstBookingCom@ae45eb6]" name="inputDataSubmitTest" duration-ms="21231" started-at="2018-04-04T22:05:17Z" finished-at="2018-04-04T22:05:38Z">
          <reporter-output>
          </reporter-output>
        </test-method> <!-- inputDataSubmitTest -->
        <test-method status="FAIL" signature="ConcreteResultTest()[pri:7, instance:by.epam.tstbooking.bookingtest.tstBookingCom@ae45eb6]" name="ConcreteResultTest" duration-ms="5643" started-at="2018-04-04T22:05:38Z" finished-at="2018-04-04T22:05:44Z">
          <exception class="java.lang.AssertionError">
            <message>
              <![CDATA[Must be exacly six results, expected [6] but found [3]]]>
            </message>
            <full-stacktrace>
              <![CDATA[java.lang.AssertionError: Must be exacly six results, expected [6] but found [3]
at org.testng.Assert.fail(Assert.java:96)
at org.testng.Assert.failNotEquals(Assert.java:776)
at org.testng.Assert.assertEqualsImpl(Assert.java:137)
at org.testng.Assert.assertEquals(Assert.java:118)
at org.testng.Assert.assertEquals(Assert.java:652)
at by.epam.tstbooking.bookingtest.tstBookingCom.ConcreteResultTest(tstBookingCom.java:266)
at sun.reflect.NativeMethodAccessorImpl.invoke0(Native Method)
at sun.reflect.NativeMethodAccessorImpl.invoke(NativeMethodAccessorImpl.java:62)
at sun.reflect.DelegatingMethodAccessorImpl.invoke(DelegatingMethodAccessorImpl.java:43)
at java.lang.reflect.Method.invoke(Method.java:498)
at org.testng.internal.MethodInvocationHelper.invokeMethod(MethodInvocationHelper.java:124)
at org.testng.internal.Invoker.invokeMethod(Invoker.java:580)
at org.testng.internal.Invoker.invokeTestMethod(Invoker.java:716)
at org.testng.internal.Invoker.invokeTestMethods(Invoker.java:988)
at org.testng.internal.TestMethodWorker.invokeTestMethods(TestMethodWorker.java:125)
at org.testng.internal.TestMethodWorker.run(TestMethodWorker.java:109)
at org.testng.TestRunner.privateRun(TestRunner.java:648)
at org.testng.TestRunner.run(TestRunner.java:505)
at org.testng.SuiteRunner.runTest(SuiteRunner.java:455)
at org.testng.SuiteRunner.runSequentially(SuiteRunner.java:450)
at org.testng.SuiteRunner.privateRun(SuiteRunner.java:415)
at org.testng.SuiteRunner.run(SuiteRunner.java:364)
at org.testng.SuiteRunnerWorker.runSuite(SuiteRunnerWorker.java:52)
at org.testng.SuiteRunnerWorker.run(SuiteRunnerWorker.java:84)
at org.testng.TestNG.runSuitesSequentially(TestNG.java:1208)
at org.testng.TestNG.runSuitesLocally(TestNG.java:1137)
at org.testng.TestNG.runSuites(TestNG.java:1049)
at org.testng.TestNG.run(TestNG.java:1017)
at org.testng.remote.AbstractRemoteTestNG.run(AbstractRemoteTestNG.java:114)
at org.testng.remote.RemoteTestNG.initAndRun(RemoteTestNG.java:251)
at org.testng.remote.RemoteTestNG.main(RemoteTestNG.java:77)
]]>
            </full-stacktrace>
          </exception> <!-- java.lang.AssertionError -->
          <reporter-output>
          </reporter-output>
        </test-method> <!-- ConcreteResultTest -->
        <test-method status="PASS" signature="tearDown()[pri:0, instance:by.epam.tstbooking.bookingtest.tstBookingCom@ae45eb6]" name="tearDown" is-config="true" duration-ms="763" started-at="2018-04-04T22:05:44Z" finished-at="2018-04-04T22:05:45Z">
          <reporter-output>
          </reporter-output>
        </test-method> <!-- tearDown -->
      </class> <!-- by.epam.tstbooking.bookingtest.tstBookingCom -->
    </test> <!-- Default test -->
  </suite> <!-- Default suite -->
</testng-results>
